# JRE version: OpenJDK Runtime Environment Corretto-17.0.14.7.1 (17.0.14+7) (build 17.0.14+7-LTS)
# Java VM: OpenJDK 64-Bit Server VM Corretto-17.0.14.7.1 (17.0.14+7-LTS, mixed mode, emulated-client, sharing, tiered, compressed oops, compressed class ptrs, g1 gc, windows-amd64)
GC Precious Log:
 CPUs: 16 total, 16 available
 Memory: 7908M
 Large Page Support: Disabled
 NUMA Support: Disabled
 Compressed Oops: Enabled (32-bit)
 Heap Region Size: 1M
 Heap Min Capacity: 8M
 Heap Initial Capacity: 124M
 Heap Max Capacity: 1978M
 Pre-touch: Disabled
 Parallel Workers: 13
 Concurrent Workers: 3
 Concurrent Refinement Workers: 13
 Periodic GC: Disabled
Heap:
 garbage-first heap   total 126976K, used 77303K [0x0000000084600000, 0x0000000100000000)
  region size 1024K, 4 young (4096K), 4 survivors (4096K)
 Metaspace       used 99479K, committed 100288K, reserved 1179648K
  class space    used 13742K, committed 14144K, reserved 1048576K
GC Heap History (20 events):
Event: 40.231 GC heap after
{Heap after GC invocations=21 (full 0):
 garbage-first heap   total 103424K, used 43746K [0x0000000084600000, 0x0000000100000000)
  region size 1024K, 2 young (2048K), 2 survivors (2048K)
 Metaspace       used 73002K, committed 73536K, reserved 1114112K
  class space    used 10249K, committed 10496K, reserved 1048576K
}
Event: 41.833 GC heap before
{Heap before GC invocations=21 (full 0):
 garbage-first heap   total 103424K, used 84706K [0x0000000084600000, 0x0000000100000000)
  region size 1024K, 42 young (43008K), 2 survivors (2048K)
 Metaspace       used 76612K, committed 77184K, reserved 1179648K
  class space    used 10792K, committed 11072K, reserved 1048576K
}
Event: 41.841 GC heap after
{Heap after GC invocations=22 (full 0):
 garbage-first heap   total 124928K, used 45837K [0x0000000084600000, 0x0000000100000000)
  region size 1024K, 4 young (4096K), 4 survivors (4096K)
 Metaspace       used 76612K, committed 77184K, reserved 1179648K
  class space    used 10792K, committed 11072K, reserved 1048576K
}
Event: 42.649 GC heap before
{Heap before GC invocations=22 (full 0):
 garbage-first heap   total 124928K, used 101133K [0x0000000084600000, 0x0000000100000000)
  region size 1024K, 58 young (59392K), 4 survivors (4096K)
 Metaspace       used 81761K, committed 82432K, reserved 1179648K
  class space    used 11498K, committed 11840K, reserved 1048576K
}
Event: 42.655 GC heap after
{Heap after GC invocations=23 (full 0):
 garbage-first heap   total 124928K, used 50071K [0x0000000084600000, 0x0000000100000000)
  region size 1024K, 8 young (8192K), 8 survivors (8192K)
 Metaspace       used 81761K, committed 82432K, reserved 1179648K
  class space    used 11498K, committed 11840K, reserved 1048576K
}
Event: 43.068 GC heap before
{Heap before GC invocations=23 (full 0):
 garbage-first heap   total 124928K, used 100247K [0x0000000084600000, 0x0000000100000000)
  region size 1024K, 57 young (58368K), 8 survivors (8192K)
 Metaspace       used 83000K, committed 83648K, reserved 1179648K
  class space    used 11620K, committed 11968K, reserved 1048576K
}
Event: 43.075 GC heap after
{Heap after GC invocations=24 (full 0):
 garbage-first heap   total 124928K, used 52851K [0x0000000084600000, 0x0000000100000000)
  region size 1024K, 4 young (4096K), 4 survivors (4096K)
 Metaspace       used 83000K, committed 83648K, reserved 1179648K
  class space    used 11620K, committed 11968K, reserved 1048576K
}
Event: 43.713 GC heap before
{Heap before GC invocations=24 (full 0):
 garbage-first heap   total 124928K, used 100979K [0x0000000084600000, 0x0000000100000000)
  region size 1024K, 51 young (52224K), 4 survivors (4096K)
 Metaspace       used 87556K, committed 88256K, reserved 1179648K
  class space    used 12172K, committed 12480K, reserved 1048576K
}
Event: 43.718 GC heap after
{Heap after GC invocations=25 (full 0):
 garbage-first heap   total 124928K, used 55105K [0x0000000084600000, 0x0000000100000000)
  region size 1024K, 6 young (6144K), 6 survivors (6144K)
 Metaspace       used 87556K, committed 88256K, reserved 1179648K
  class space    used 12172K, committed 12480K, reserved 1048576K
}
Event: 44.335 GC heap before
{Heap before GC invocations=25 (full 0):
 garbage-first heap   total 124928K, used 102209K [0x0000000084600000, 0x0000000100000000)
  region size 1024K, 52 young (53248K), 6 survivors (6144K)
 Metaspace       used 89542K, committed 90240K, reserved 1179648K
  class space    used 12445K, committed 12800K, reserved 1048576K
}
Event: 44.342 GC heap after
{Heap after GC invocations=26 (full 0):
 garbage-first heap   total 124928K, used 58292K [0x0000000084600000, 0x0000000100000000)
  region size 1024K, 6 young (6144K), 6 survivors (6144K)
 Metaspace       used 89542K, committed 90240K, reserved 1179648K
  class space    used 12445K, committed 12800K, reserved 1048576K
}
Event: 45.531 GC heap before
{Heap before GC invocations=26 (full 0):
 garbage-first heap   total 124928K, used 102324K [0x0000000084600000, 0x0000000100000000)
  region size 1024K, 49 young (50176K), 6 survivors (6144K)
 Metaspace       used 96492K, committed 97216K, reserved 1179648K
  class space    used 13290K, committed 13632K, reserved 1048576K
}
Event: 45.540 GC heap after
{Heap after GC invocations=27 (full 0):
 garbage-first heap   total 124928K, used 61633K [0x0000000084600000, 0x0000000100000000)
  region size 1024K, 7 young (7168K), 7 survivors (7168K)
 Metaspace       used 96492K, committed 97216K, reserved 1179648K
  class space    used 13290K, committed 13632K, reserved 1048576K
}
Event: 46.210 GC heap before
{Heap before GC invocations=27 (full 0):
 garbage-first heap   total 124928K, used 101569K [0x0000000084600000, 0x0000000100000000)
  region size 1024K, 46 young (47104K), 7 survivors (7168K)
 Metaspace       used 99004K, committed 99776K, reserved 1179648K
  class space    used 13637K, committed 14016K, reserved 1048576K
}
Event: 46.219 GC heap after
{Heap after GC invocations=28 (full 0):
 garbage-first heap   total 124928K, used 64033K [0x0000000084600000, 0x0000000100000000)
  region size 1024K, 3 young (3072K), 3 survivors (3072K)
 Metaspace       used 99004K, committed 99776K, reserved 1179648K
  class space    used 13637K, committed 14016K, reserved 1048576K
}
Event: 46.497 GC heap before
{Heap before GC invocations=29 (full 0):
 garbage-first heap   total 124928K, used 102945K [0x0000000084600000, 0x0000000100000000)
  region size 1024K, 41 young (41984K), 3 survivors (3072K)
 Metaspace       used 99479K, committed 100288K, reserved 1179648K
  class space    used 13742K, committed 14144K, reserved 1048576K
}
Event: 46.504 GC heap after
{Heap after GC invocations=30 (full 0):
 garbage-first heap   total 124928K, used 70973K [0x0000000084600000, 0x0000000100000000)
  region size 1024K, 6 young (6144K), 6 survivors (6144K)
 Metaspace       used 99479K, committed 100288K, reserved 1179648K
  class space    used 13742K, committed 14144K, reserved 1048576K
}
Event: 46.510 GC heap before
{Heap before GC invocations=30 (full 0):
 garbage-first heap   total 124928K, used 71997K [0x0000000084600000, 0x0000000100000000)
  region size 1024K, 7 young (7168K), 6 survivors (6144K)
 Metaspace       used 99479K, committed 100288K, reserved 1179648K
  class space    used 13742K, committed 14144K, reserved 1048576K
}
Event: 46.515 GC heap after
{Heap after GC invocations=31 (full 0):
 garbage-first heap   total 124928K, used 72128K [0x0000000084600000, 0x0000000100000000)
  region size 1024K, 1 young (1024K), 1 survivors (1024K)
 Metaspace       used 99479K, committed 100288K, reserved 1179648K
  class space    used 13742K, committed 14144K, reserved 1048576K
}
Event: 46.655 GC heap before
{Heap before GC invocations=31 (full 0):
 garbage-first heap   total 124928K, used 99776K [0x0000000084600000, 0x0000000100000000)
  region size 1024K, 29 young (29696K), 1 survivors (1024K)
 Metaspace       used 99479K, committed 100288K, reserved 1179648K
  class space    used 13742K, committed 14144K, reserved 1048576K
}

